<?xml version="1.0" encoding="UTF-8"?>
<testng-results skipped="0" failed="0" ignored="0" total="1" passed="1">
  <reporter-output>
  </reporter-output>
  <suite name="FREE CRM Application Test Automation Test Suite" duration-ms="52221" started-at="2022-06-28T14:20:48Z" finished-at="2022-06-28T14:21:41Z">
    <groups>
    </groups>
    <test name="Free CRM App Test Cases" duration-ms="52221" started-at="2022-06-28T14:20:48Z" finished-at="2022-06-28T14:21:41Z">
      <class name="com.crm.qa.testcases.LoginPageTest">
        <test-method status="PASS" signature="setUp()[pri:0, instance:com.crm.qa.testcases.LoginPageTest@2d928643]" name="setUp" is-config="true" duration-ms="26587" started-at="2022-06-28T19:50:48Z" finished-at="2022-06-28T19:51:15Z">
          <reporter-output>
          </reporter-output>
        </test-method> <!-- setUp -->
        <test-method status="PASS" signature="login()[pri:0, instance:com.crm.qa.testcases.LoginPageTest@2d928643]" name="login" duration-ms="23992" started-at="2022-06-28T19:51:15Z" finished-at="2022-06-28T19:51:39Z">
          <reporter-output>
          </reporter-output>
        </test-method> <!-- login -->
        <test-method status="PASS" signature="tearDown()[pri:0, instance:com.crm.qa.testcases.LoginPageTest@2d928643]" name="tearDown" is-config="true" duration-ms="1471" started-at="2022-06-28T19:51:39Z" finished-at="2022-06-28T19:51:41Z">
          <reporter-output>
          </reporter-output>
        </test-method> <!-- tearDown -->
      </class> <!-- com.crm.qa.testcases.LoginPageTest -->
    </test> <!-- Free CRM App Test Cases -->
  </suite> <!-- FREE CRM Application Test Automation Test Suite -->
</testng-results>
